<?xml version="1.0" encoding="UTF-8"?>
<testsuite xmlns:xsi="http://www.w3.org/2001/XMLSchema-instance" xsi:noNamespaceSchemaLocation="https://maven.apache.org/surefire/maven-surefire-plugin/xsd/surefire-test-report-3.0.xsd" version="3.0" name="TestSuite" time="2.173" tests="6" errors="0" skipped="0" failures="0">
  <properties>
    <property name="gopherProxySet" value="false"/>
    <property name="awt.toolkit" value="sun.lwawt.macosx.LWCToolkit"/>
    <property name="file.encoding.pkg" value="sun.io"/>
    <property name="java.specification.version" value="1.8"/>
    <property name="sun.cpu.isalist" value=""/>
    <property name="sun.jnu.encoding" value="UTF-8"/>
    <property name="java.class.path" value="/Users/ronkeakinyemi/eclipse-workspace/MavenJava/target/test-classes:/Users/ronkeakinyemi/eclipse-workspace/MavenJava/target/classes:/Users/ronkeakinyemi/.m2/repository/org/seleniumhq/selenium/selenium-java/3.9.0/selenium-java-3.9.0.jar:/Users/ronkeakinyemi/.m2/repository/org/seleniumhq/selenium/selenium-api/3.9.0/selenium-api-3.9.0.jar:/Users/ronkeakinyemi/.m2/repository/org/seleniumhq/selenium/selenium-chrome-driver/3.9.0/selenium-chrome-driver-3.9.0.jar:/Users/ronkeakinyemi/.m2/repository/org/seleniumhq/selenium/selenium-edge-driver/3.9.0/selenium-edge-driver-3.9.0.jar:/Users/ronkeakinyemi/.m2/repository/org/seleniumhq/selenium/selenium-firefox-driver/3.9.0/selenium-firefox-driver-3.9.0.jar:/Users/ronkeakinyemi/.m2/repository/org/seleniumhq/selenium/selenium-ie-driver/3.9.0/selenium-ie-driver-3.9.0.jar:/Users/ronkeakinyemi/.m2/repository/org/seleniumhq/selenium/selenium-opera-driver/3.9.0/selenium-opera-driver-3.9.0.jar:/Users/ronkeakinyemi/.m2/repository/org/seleniumhq/selenium/selenium-remote-driver/3.9.0/selenium-remote-driver-3.9.0.jar:/Users/ronkeakinyemi/.m2/repository/org/seleniumhq/selenium/selenium-safari-driver/3.9.0/selenium-safari-driver-3.9.0.jar:/Users/ronkeakinyemi/.m2/repository/org/seleniumhq/selenium/selenium-support/3.9.0/selenium-support-3.9.0.jar:/Users/ronkeakinyemi/.m2/repository/net/bytebuddy/byte-buddy/1.7.9/byte-buddy-1.7.9.jar:/Users/ronkeakinyemi/.m2/repository/org/apache/commons/commons-exec/1.3/commons-exec-1.3.jar:/Users/ronkeakinyemi/.m2/repository/commons-codec/commons-codec/1.10/commons-codec-1.10.jar:/Users/ronkeakinyemi/.m2/repository/commons-logging/commons-logging/1.2/commons-logging-1.2.jar:/Users/ronkeakinyemi/.m2/repository/com/google/code/gson/gson/2.8.2/gson-2.8.2.jar:/Users/ronkeakinyemi/.m2/repository/com/google/guava/guava/23.6-jre/guava-23.6-jre.jar:/Users/ronkeakinyemi/.m2/repository/com/google/code/findbugs/jsr305/1.3.9/jsr305-1.3.9.jar:/Users/ronkeakinyemi/.m2/repository/org/checkerframework/checker-compat-qual/2.0.0/checker-compat-qual-2.0.0.jar:/Users/ronkeakinyemi/.m2/repository/com/google/errorprone/error_prone_annotations/2.1.3/error_prone_annotations-2.1.3.jar:/Users/ronkeakinyemi/.m2/repository/com/google/j2objc/j2objc-annotations/1.1/j2objc-annotations-1.1.jar:/Users/ronkeakinyemi/.m2/repository/org/codehaus/mojo/animal-sniffer-annotations/1.14/animal-sniffer-annotations-1.14.jar:/Users/ronkeakinyemi/.m2/repository/org/apache/httpcomponents/httpclient/4.5.3/httpclient-4.5.3.jar:/Users/ronkeakinyemi/.m2/repository/org/apache/httpcomponents/httpcore/4.4.6/httpcore-4.4.6.jar:/Users/ronkeakinyemi/.m2/repository/com/squareup/okhttp3/okhttp/3.9.1/okhttp-3.9.1.jar:/Users/ronkeakinyemi/.m2/repository/com/squareup/okio/okio/1.13.0/okio-1.13.0.jar:/Users/ronkeakinyemi/.m2/repository/org/testng/testng/6.10/testng-6.10.jar:/Users/ronkeakinyemi/.m2/repository/com/beust/jcommander/1.48/jcommander-1.48.jar:"/>
    <property name="java.vm.vendor" value="Oracle Corporation"/>
    <property name="sun.arch.data.model" value="64"/>
    <property name="java.vendor.url" value="http://java.oracle.com/"/>
    <property name="user.timezone" value="Africa/Lagos"/>
    <property name="java.vm.specification.version" value="1.8"/>
    <property name="os.name" value="Mac OS X"/>
    <property name="user.country" value="US"/>
    <property name="sun.java.launcher" value="SUN_STANDARD"/>
    <property name="sun.boot.library.path" value="/Library/Java/JavaVirtualMachines/jdk1.8.0_231.jdk/Contents/Home/jre/lib"/>
    <property name="sun.java.command" value="/Users/ronkeakinyemi/eclipse-workspace/MavenJava/target/surefire/surefirebooter6295309530221764603.jar /Users/ronkeakinyemi/eclipse-workspace/MavenJava/target/surefire 2020-10-17T12-12-31_213-jvmRun1 surefire522078089579291426tmp surefire_05002209579648938905tmp"/>
    <property name="http.nonProxyHosts" value="local|*.local|169.254/16|*.169.254/16"/>
    <property name="surefire.test.class.path" value="/Users/ronkeakinyemi/eclipse-workspace/MavenJava/target/test-classes:/Users/ronkeakinyemi/eclipse-workspace/MavenJava/target/classes:/Users/ronkeakinyemi/.m2/repository/org/seleniumhq/selenium/selenium-java/3.9.0/selenium-java-3.9.0.jar:/Users/ronkeakinyemi/.m2/repository/org/seleniumhq/selenium/selenium-api/3.9.0/selenium-api-3.9.0.jar:/Users/ronkeakinyemi/.m2/repository/org/seleniumhq/selenium/selenium-chrome-driver/3.9.0/selenium-chrome-driver-3.9.0.jar:/Users/ronkeakinyemi/.m2/repository/org/seleniumhq/selenium/selenium-edge-driver/3.9.0/selenium-edge-driver-3.9.0.jar:/Users/ronkeakinyemi/.m2/repository/org/seleniumhq/selenium/selenium-firefox-driver/3.9.0/selenium-firefox-driver-3.9.0.jar:/Users/ronkeakinyemi/.m2/repository/org/seleniumhq/selenium/selenium-ie-driver/3.9.0/selenium-ie-driver-3.9.0.jar:/Users/ronkeakinyemi/.m2/repository/org/seleniumhq/selenium/selenium-opera-driver/3.9.0/selenium-opera-driver-3.9.0.jar:/Users/ronkeakinyemi/.m2/repository/org/seleniumhq/selenium/selenium-remote-driver/3.9.0/selenium-remote-driver-3.9.0.jar:/Users/ronkeakinyemi/.m2/repository/org/seleniumhq/selenium/selenium-safari-driver/3.9.0/selenium-safari-driver-3.9.0.jar:/Users/ronkeakinyemi/.m2/repository/org/seleniumhq/selenium/selenium-support/3.9.0/selenium-support-3.9.0.jar:/Users/ronkeakinyemi/.m2/repository/net/bytebuddy/byte-buddy/1.7.9/byte-buddy-1.7.9.jar:/Users/ronkeakinyemi/.m2/repository/org/apache/commons/commons-exec/1.3/commons-exec-1.3.jar:/Users/ronkeakinyemi/.m2/repository/commons-codec/commons-codec/1.10/commons-codec-1.10.jar:/Users/ronkeakinyemi/.m2/repository/commons-logging/commons-logging/1.2/commons-logging-1.2.jar:/Users/ronkeakinyemi/.m2/repository/com/google/code/gson/gson/2.8.2/gson-2.8.2.jar:/Users/ronkeakinyemi/.m2/repository/com/google/guava/guava/23.6-jre/guava-23.6-jre.jar:/Users/ronkeakinyemi/.m2/repository/com/google/code/findbugs/jsr305/1.3.9/jsr305-1.3.9.jar:/Users/ronkeakinyemi/.m2/repository/org/checkerframework/checker-compat-qual/2.0.0/checker-compat-qual-2.0.0.jar:/Users/ronkeakinyemi/.m2/repository/com/google/errorprone/error_prone_annotations/2.1.3/error_prone_annotations-2.1.3.jar:/Users/ronkeakinyemi/.m2/repository/com/google/j2objc/j2objc-annotations/1.1/j2objc-annotations-1.1.jar:/Users/ronkeakinyemi/.m2/repository/org/codehaus/mojo/animal-sniffer-annotations/1.14/animal-sniffer-annotations-1.14.jar:/Users/ronkeakinyemi/.m2/repository/org/apache/httpcomponents/httpclient/4.5.3/httpclient-4.5.3.jar:/Users/ronkeakinyemi/.m2/repository/org/apache/httpcomponents/httpcore/4.4.6/httpcore-4.4.6.jar:/Users/ronkeakinyemi/.m2/repository/com/squareup/okhttp3/okhttp/3.9.1/okhttp-3.9.1.jar:/Users/ronkeakinyemi/.m2/repository/com/squareup/okio/okio/1.13.0/okio-1.13.0.jar:/Users/ronkeakinyemi/.m2/repository/org/testng/testng/6.10/testng-6.10.jar:/Users/ronkeakinyemi/.m2/repository/com/beust/jcommander/1.48/jcommander-1.48.jar:"/>
    <property name="sun.cpu.endian" value="little"/>
    <property name="user.home" value="/Users/ronkeakinyemi"/>
    <property name="user.language" value="en"/>
    <property name="java.specification.vendor" value="Oracle Corporation"/>
    <property name="java.home" value="/Library/Java/JavaVirtualMachines/jdk1.8.0_231.jdk/Contents/Home/jre"/>
    <property name="basedir" value="/Users/ronkeakinyemi/eclipse-workspace/MavenJava"/>
    <property name="file.separator" value="/"/>
    <property name="line.separator" value="&#10;"/>
    <property name="java.vm.specification.vendor" value="Oracle Corporation"/>
    <property name="java.specification.name" value="Java Platform API Specification"/>
    <property name="java.awt.graphicsenv" value="sun.awt.CGraphicsEnvironment"/>
    <property name="surefire.real.class.path" value="/Users/ronkeakinyemi/eclipse-workspace/MavenJava/target/surefire/surefirebooter6295309530221764603.jar"/>
    <property name="sun.boot.class.path" value="/Library/Java/JavaVirtualMachines/jdk1.8.0_231.jdk/Contents/Home/jre/lib/resources.jar:/Library/Java/JavaVirtualMachines/jdk1.8.0_231.jdk/Contents/Home/jre/lib/rt.jar:/Library/Java/JavaVirtualMachines/jdk1.8.0_231.jdk/Contents/Home/jre/lib/sunrsasign.jar:/Library/Java/JavaVirtualMachines/jdk1.8.0_231.jdk/Contents/Home/jre/lib/jsse.jar:/Library/Java/JavaVirtualMachines/jdk1.8.0_231.jdk/Contents/Home/jre/lib/jce.jar:/Library/Java/JavaVirtualMachines/jdk1.8.0_231.jdk/Contents/Home/jre/lib/charsets.jar:/Library/Java/JavaVirtualMachines/jdk1.8.0_231.jdk/Contents/Home/jre/lib/jfr.jar:/Library/Java/JavaVirtualMachines/jdk1.8.0_231.jdk/Contents/Home/jre/classes"/>
    <property name="sun.management.compiler" value="HotSpot 64-Bit Tiered Compilers"/>
    <property name="ftp.nonProxyHosts" value="local|*.local|169.254/16|*.169.254/16"/>
    <property name="java.runtime.version" value="1.8.0_231-b11"/>
    <property name="user.name" value="ronkeakinyemi"/>
    <property name="path.separator" value=":"/>
    <property name="os.version" value="10.15.1"/>
    <property name="java.endorsed.dirs" value="/Library/Java/JavaVirtualMachines/jdk1.8.0_231.jdk/Contents/Home/jre/lib/endorsed"/>
    <property name="java.runtime.name" value="Java(TM) SE Runtime Environment"/>
    <property name="file.encoding" value="UTF-8"/>
    <property name="java.vm.name" value="Java HotSpot(TM) 64-Bit Server VM"/>
    <property name="localRepository" value="/Users/ronkeakinyemi/.m2/repository"/>
    <property name="java.vendor.url.bug" value="http://bugreport.sun.com/bugreport/"/>
    <property name="java.io.tmpdir" value="/var/folders/32/0s427y051912ls1lyc9jvx680000gn/T/"/>
    <property name="java.version" value="1.8.0_231"/>
    <property name="user.dir" value="/Users/ronkeakinyemi/eclipse-workspace/MavenJava"/>
    <property name="os.arch" value="x86_64"/>
    <property name="java.vm.specification.name" value="Java Virtual Machine Specification"/>
    <property name="java.awt.printerjob" value="sun.lwawt.macosx.CPrinterJob"/>
    <property name="sun.os.patch.level" value="unknown"/>
    <property name="java.library.path" value="/Users/ronkeakinyemi/Library/Java/Extensions:/Library/Java/Extensions:/Network/Library/Java/Extensions:/System/Library/Java/Extensions:/usr/lib/java:."/>
    <property name="java.vm.info" value="mixed mode"/>
    <property name="java.vendor" value="Oracle Corporation"/>
    <property name="java.vm.version" value="25.231-b11"/>
    <property name="java.ext.dirs" value="/Users/ronkeakinyemi/Library/Java/Extensions:/Library/Java/JavaVirtualMachines/jdk1.8.0_231.jdk/Contents/Home/jre/lib/ext:/Library/Java/Extensions:/Network/Library/Java/Extensions:/System/Library/Java/Extensions:/usr/lib/java"/>
    <property name="sun.io.unicode.encoding" value="UnicodeBig"/>
    <property name="java.class.version" value="52.0"/>
    <property name="socksNonProxyHosts" value="local|*.local|169.254/16|*.169.254/16"/>
  </properties>
  <testcase name="oneFA" classname="Notch.MavenJava.RestAssuredTest" time="0.006">
    <system-out><![CDATA[[TestNGContentHandler] [WARN] It is strongly recommended to add "<!DOCTYPE suite SYSTEM "http://testng.org/testng-1.0.dtd" >" at the top of your file, otherwise TestNG may fail or not work as expected.
It is a 1FATest
]]></system-out>
  </testcase>
  <testcase name="twoFA" classname="Notch.MavenJava.RestAssuredTest" time="0">
    <system-out><![CDATA[It is a 2FA Test
]]></system-out>
  </testcase>
  <testcase name="selJava" classname="Notch.MavenJava.SeleiumTest" time="0">
    <system-out><![CDATA[It is a sel Java Test
]]></system-out>
  </testcase>
  <testcase name="selPython" classname="Notch.MavenJava.SeleiumTest" time="0">
    <system-out><![CDATA[It is a sel Python Test
]]></system-out>
  </testcase>
  <testcase name="AndroidApp" classname="Notch.MavenJava.AppiumTest" time="0">
    <system-out><![CDATA[It is an android Test
]]></system-out>
  </testcase>
  <testcase name="IOSApp" classname="Notch.MavenJava.AppiumTest" time="0">
    <system-out><![CDATA[It is an IOS Test
]]></system-out>
  </testcase>
</testsuite>