<?xml version="1.0" encoding="UTF-8"?>
<!-- Generated by org.testng.reporters.JUnitReportReporter -->
<testsuite name="Notch.MavenJava.AppiumTest" tests="2" time="0.001" ignored="0" failures="0" timestamp="17 Oct 2020 11:12:34 GMT" skipped="0" hostname="Ronkes-Air" errors="0">
  <testcase name="IOSApp" time="0.000" classname="Notch.MavenJava.AppiumTest"/>
  <testcase name="AndroidApp" time="0.001" classname="Notch.MavenJava.AppiumTest"/>
</testsuite> <!-- Notch.MavenJava.AppiumTest -->
