<?xml version="1.0" encoding="UTF-8"?>
<!-- Generated by org.testng.reporters.JUnitReportReporter -->
<testsuite name="Notch.MavenJava.RestAssuredTest" tests="2" time="0.011" ignored="0" failures="0" timestamp="17 Oct 2020 11:12:34 GMT" skipped="0" hostname="Ronkes-Air" errors="0">
  <testcase name="oneFA" time="0.011" classname="Notch.MavenJava.RestAssuredTest"/>
  <testcase name="twoFA" time="0.000" classname="Notch.MavenJava.RestAssuredTest"/>
</testsuite> <!-- Notch.MavenJava.RestAssuredTest -->
